# JRE version: OpenJDK Runtime Environment Temurin-17.0.8.1+1 (17.0.8.1+1) (build 17.0.8.1+1)
# Java VM: OpenJDK 64-Bit Server VM Temurin-17.0.8.1+1 (17.0.8.1+1, mixed mode, emulated-client, tiered, compressed oops, compressed class ptrs, g1 gc, windows-amd64)
GC Precious Log:
 CPUs: 8 total, 8 available
 Memory: 8072M
 Large Page Support: Disabled
 NUMA Support: Disabled
 Compressed Oops: Enabled (32-bit)
 Heap Region Size: 1M
 Heap Min Capacity: 8M
 Heap Initial Capacity: 128M
 Heap Max Capacity: 1G
 Pre-touch: Disabled
 Parallel Workers: 8
 Concurrent Workers: 2
 Concurrent Refinement Workers: 8
 Periodic GC: Disabled
Heap:
 garbage-first heap   total 61440K, used 17646K [0x00000000c0000000, 0x0000000100000000)
  region size 1024K, 1 young (1024K), 0 survivors (0K)
 Metaspace       used 38215K, committed 38784K, reserved 1114112K
  class space    used 5046K, committed 5248K, reserved 1048576K
GC Heap History (20 events):
Event: 3974.790 GC heap before
{Heap before GC invocations=370 (full 360):
 garbage-first heap   total 61440K, used 17646K [0x00000000c0000000, 0x0000000100000000)
  region size 1024K, 1 young (1024K), 0 survivors (0K)
 Metaspace       used 38215K, committed 38784K, reserved 1114112K
  class space    used 5046K, committed 5248K, reserved 1048576K
}
Event: 3974.809 GC heap after
{Heap after GC invocations=371 (full 361):
 garbage-first heap   total 61440K, used 17646K [0x00000000c0000000, 0x0000000100000000)
  region size 1024K, 0 young (0K), 0 survivors (0K)
 Metaspace       used 38215K, committed 38784K, reserved 1114112K
  class space    used 5046K, committed 5248K, reserved 1048576K
}
Event: 3984.987 GC heap before
{Heap before GC invocations=371 (full 361):
 garbage-first heap   total 61440K, used 17646K [0x00000000c0000000, 0x0000000100000000)
  region size 1024K, 1 young (1024K), 0 survivors (0K)
 Metaspace       used 38215K, committed 38784K, reserved 1114112K
  class space    used 5046K, committed 5248K, reserved 1048576K
}
Event: 3985.007 GC heap after
{Heap after GC invocations=372 (full 362):
 garbage-first heap   total 61440K, used 17646K [0x00000000c0000000, 0x0000000100000000)
  region size 1024K, 0 young (0K), 0 survivors (0K)
 Metaspace       used 38215K, committed 38784K, reserved 1114112K
  class space    used 5046K, committed 5248K, reserved 1048576K
}
Event: 3995.217 GC heap before
{Heap before GC invocations=372 (full 362):
 garbage-first heap   total 61440K, used 17646K [0x00000000c0000000, 0x0000000100000000)
  region size 1024K, 1 young (1024K), 0 survivors (0K)
 Metaspace       used 38215K, committed 38784K, reserved 1114112K
  class space    used 5046K, committed 5248K, reserved 1048576K
}
Event: 3995.240 GC heap after
{Heap after GC invocations=373 (full 363):
 garbage-first heap   total 61440K, used 17646K [0x00000000c0000000, 0x0000000100000000)
  region size 1024K, 0 young (0K), 0 survivors (0K)
 Metaspace       used 38215K, committed 38784K, reserved 1114112K
  class space    used 5046K, committed 5248K, reserved 1048576K
}
Event: 4005.476 GC heap before
{Heap before GC invocations=373 (full 363):
 garbage-first heap   total 61440K, used 17646K [0x00000000c0000000, 0x0000000100000000)
  region size 1024K, 1 young (1024K), 0 survivors (0K)
 Metaspace       used 38215K, committed 38784K, reserved 1114112K
  class space    used 5046K, committed 5248K, reserved 1048576K
}
Event: 4005.497 GC heap after
{Heap after GC invocations=374 (full 364):
 garbage-first heap   total 61440K, used 17646K [0x00000000c0000000, 0x0000000100000000)
  region size 1024K, 0 young (0K), 0 survivors (0K)
 Metaspace       used 38215K, committed 38784K, reserved 1114112K
  class space    used 5046K, committed 5248K, reserved 1048576K
}
Event: 4015.709 GC heap before
{Heap before GC invocations=374 (full 364):
 garbage-first heap   total 61440K, used 17646K [0x00000000c0000000, 0x0000000100000000)
  region size 1024K, 1 young (1024K), 0 survivors (0K)
 Metaspace       used 38215K, committed 38784K, reserved 1114112K
  class space    used 5046K, committed 5248K, reserved 1048576K
}
Event: 4015.735 GC heap after
{Heap after GC invocations=375 (full 365):
 garbage-first heap   total 61440K, used 17646K [0x00000000c0000000, 0x0000000100000000)
  region size 1024K, 0 young (0K), 0 survivors (0K)
 Metaspace       used 38215K, committed 38784K, reserved 1114112K
  class space    used 5046K, committed 5248K, reserved 1048576K
}
Event: 4025.952 GC heap before
{Heap before GC invocations=375 (full 365):
 garbage-first heap   total 61440K, used 17646K [0x00000000c0000000, 0x0000000100000000)
  region size 1024K, 1 young (1024K), 0 survivors (0K)
 Metaspace       used 38215K, committed 38784K, reserved 1114112K
  class space    used 5046K, committed 5248K, reserved 1048576K
}
Event: 4025.973 GC heap after
{Heap after GC invocations=376 (full 366):
 garbage-first heap   total 61440K, used 17646K [0x00000000c0000000, 0x0000000100000000)
  region size 1024K, 0 young (0K), 0 survivors (0K)
 Metaspace       used 38215K, committed 38784K, reserved 1114112K
  class space    used 5046K, committed 5248K, reserved 1048576K
}
Event: 4036.176 GC heap before
{Heap before GC invocations=376 (full 366):
 garbage-first heap   total 61440K, used 17646K [0x00000000c0000000, 0x0000000100000000)
  region size 1024K, 1 young (1024K), 0 survivors (0K)
 Metaspace       used 38215K, committed 38784K, reserved 1114112K
  class space    used 5046K, committed 5248K, reserved 1048576K
}
Event: 4036.196 GC heap after
{Heap after GC invocations=377 (full 367):
 garbage-first heap   total 61440K, used 17646K [0x00000000c0000000, 0x0000000100000000)
  region size 1024K, 0 young (0K), 0 survivors (0K)
 Metaspace       used 38215K, committed 38784K, reserved 1114112K
  class space    used 5046K, committed 5248K, reserved 1048576K
}
Event: 4046.561 GC heap before
{Heap before GC invocations=377 (full 367):
 garbage-first heap   total 61440K, used 17646K [0x00000000c0000000, 0x0000000100000000)
  region size 1024K, 1 young (1024K), 0 survivors (0K)
 Metaspace       used 38215K, committed 38784K, reserved 1114112K
  class space    used 5046K, committed 5248K, reserved 1048576K
}
Event: 4046.580 GC heap after
{Heap after GC invocations=378 (full 368):
 garbage-first heap   total 61440K, used 17646K [0x00000000c0000000, 0x0000000100000000)
  region size 1024K, 0 young (0K), 0 survivors (0K)
 Metaspace       used 38215K, committed 38784K, reserved 1114112K
  class space    used 5046K, committed 5248K, reserved 1048576K
}
Event: 4056.807 GC heap before
{Heap before GC invocations=378 (full 368):
 garbage-first heap   total 61440K, used 17646K [0x00000000c0000000, 0x0000000100000000)
  region size 1024K, 1 young (1024K), 0 survivors (0K)
 Metaspace       used 38215K, committed 38784K, reserved 1114112K
  class space    used 5046K, committed 5248K, reserved 1048576K
}
Event: 4056.831 GC heap after
{Heap after GC invocations=379 (full 369):
 garbage-first heap   total 61440K, used 17646K [0x00000000c0000000, 0x0000000100000000)
  region size 1024K, 0 young (0K), 0 survivors (0K)
 Metaspace       used 38215K, committed 38784K, reserved 1114112K
  class space    used 5046K, committed 5248K, reserved 1048576K
}
Event: 4067.025 GC heap before
{Heap before GC invocations=379 (full 369):
 garbage-first heap   total 61440K, used 17646K [0x00000000c0000000, 0x0000000100000000)
  region size 1024K, 1 young (1024K), 0 survivors (0K)
 Metaspace       used 38215K, committed 38784K, reserved 1114112K
  class space    used 5046K, committed 5248K, reserved 1048576K
}
Event: 4067.050 GC heap after
{Heap after GC invocations=380 (full 370):
 garbage-first heap   total 61440K, used 17646K [0x00000000c0000000, 0x0000000100000000)
  region size 1024K, 0 young (0K), 0 survivors (0K)
 Metaspace       used 38215K, committed 38784K, reserved 1114112K
  class space    used 5046K, committed 5248K, reserved 1048576K
}

